# JRE version: OpenJDK Runtime Environment (17.0.10) (build 17.0.10+0--11572160)
# Java VM: OpenJDK 64-Bit Server VM (17.0.10+0--11572160, mixed mode, tiered, compressed oops, compressed class ptrs, g1 gc, windows-amd64)
GC Precious Log:
 CPUs: 4 total, 4 available
 Memory: 6086M
 Large Page Support: Disabled
 NUMA Support: Disabled
 Compressed Oops: Enabled (32-bit)
 Heap Region Size: 1M
 Heap Min Capacity: 8M
 Heap Initial Capacity: 96M
 Heap Max Capacity: 1522M
 Pre-touch: Disabled
 Parallel Workers: 4
 Concurrent Workers: 1
 Concurrent Refinement Workers: 4
 Periodic GC: Disabled
Heap:
 garbage-first heap   total 176128K, used 55193K [0x00000000a0e00000, 0x0000000100000000)
  region size 1024K, 13 young (13312K), 1 survivors (1024K)
 Metaspace       used 55288K, committed 55488K, reserved 1114112K
  class space    used 6519K, committed 6592K, reserved 1048576K
GC Heap History (20 events):
Event: 3.580 GC heap before
{Heap before GC invocations=9 (full 0):
 garbage-first heap   total 50176K, used 33724K [0x00000000a0e00000, 0x0000000100000000)
  region size 1024K, 18 young (18432K), 2 survivors (2048K)
 Metaspace       used 36989K, committed 37248K, reserved 1114112K
  class space    used 4661K, committed 4800K, reserved 1048576K
}
Event: 3.587 GC heap after
{Heap after GC invocations=10 (full 0):
 garbage-first heap   total 50176K, used 20111K [0x00000000a0e00000, 0x0000000100000000)
  region size 1024K, 3 young (3072K), 3 survivors (3072K)
 Metaspace       used 36989K, committed 37248K, reserved 1114112K
  class space    used 4661K, committed 4800K, reserved 1048576K
}
Event: 3.606 GC heap before
{Heap before GC invocations=10 (full 0):
 garbage-first heap   total 50176K, used 20111K [0x00000000a0e00000, 0x0000000100000000)
  region size 1024K, 4 young (4096K), 3 survivors (3072K)
 Metaspace       used 37225K, committed 37440K, reserved 1114112K
  class space    used 4685K, committed 4800K, reserved 1048576K
}
Event: 3.612 GC heap after
{Heap after GC invocations=11 (full 0):
 garbage-first heap   total 50176K, used 19631K [0x00000000a0e00000, 0x0000000100000000)
  region size 1024K, 1 young (1024K), 1 survivors (1024K)
 Metaspace       used 37225K, committed 37440K, reserved 1114112K
  class space    used 4685K, committed 4800K, reserved 1048576K
}
Event: 3.885 GC heap before
{Heap before GC invocations=11 (full 0):
 garbage-first heap   total 50176K, used 33967K [0x00000000a0e00000, 0x0000000100000000)
  region size 1024K, 16 young (16384K), 1 survivors (1024K)
 Metaspace       used 40326K, committed 40576K, reserved 1114112K
  class space    used 4950K, committed 5056K, reserved 1048576K
}
Event: 3.889 GC heap after
{Heap after GC invocations=12 (full 0):
 garbage-first heap   total 50176K, used 21125K [0x00000000a0e00000, 0x0000000100000000)
  region size 1024K, 2 young (2048K), 2 survivors (2048K)
 Metaspace       used 40326K, committed 40576K, reserved 1114112K
  class space    used 4950K, committed 5056K, reserved 1048576K
}
Event: 4.952 GC heap before
{Heap before GC invocations=12 (full 0):
 garbage-first heap   total 50176K, used 36485K [0x00000000a0e00000, 0x0000000100000000)
  region size 1024K, 17 young (17408K), 2 survivors (2048K)
 Metaspace       used 44718K, committed 44928K, reserved 1114112K
  class space    used 5472K, committed 5568K, reserved 1048576K
}
Event: 4.959 GC heap after
{Heap after GC invocations=13 (full 0):
 garbage-first heap   total 50176K, used 21747K [0x00000000a0e00000, 0x0000000100000000)
  region size 1024K, 2 young (2048K), 2 survivors (2048K)
 Metaspace       used 44718K, committed 44928K, reserved 1114112K
  class space    used 5472K, committed 5568K, reserved 1048576K
}
Event: 5.470 GC heap before
{Heap before GC invocations=13 (full 0):
 garbage-first heap   total 50176K, used 38131K [0x00000000a0e00000, 0x0000000100000000)
  region size 1024K, 17 young (17408K), 2 survivors (2048K)
 Metaspace       used 46948K, committed 47168K, reserved 1114112K
  class space    used 5712K, committed 5824K, reserved 1048576K
}
Event: 5.479 GC heap after
{Heap after GC invocations=14 (full 0):
 garbage-first heap   total 50176K, used 26471K [0x00000000a0e00000, 0x0000000100000000)
  region size 1024K, 3 young (3072K), 3 survivors (3072K)
 Metaspace       used 46948K, committed 47168K, reserved 1114112K
  class space    used 5712K, committed 5824K, reserved 1048576K
}
Event: 5.502 GC heap before
{Heap before GC invocations=14 (full 0):
 garbage-first heap   total 50176K, used 26471K [0x00000000a0e00000, 0x0000000100000000)
  region size 1024K, 4 young (4096K), 3 survivors (3072K)
 Metaspace       used 47044K, committed 47232K, reserved 1114112K
  class space    used 5722K, committed 5824K, reserved 1048576K
}
Event: 5.509 GC heap after
{Heap after GC invocations=15 (full 0):
 garbage-first heap   total 92160K, used 27017K [0x00000000a0e00000, 0x0000000100000000)
  region size 1024K, 1 young (1024K), 1 survivors (1024K)
 Metaspace       used 47044K, committed 47232K, reserved 1114112K
  class space    used 5722K, committed 5824K, reserved 1048576K
}
Event: 6.419 GC heap before
{Heap before GC invocations=15 (full 0):
 garbage-first heap   total 92160K, used 64905K [0x00000000a0e00000, 0x0000000100000000)
  region size 1024K, 37 young (37888K), 1 survivors (1024K)
 Metaspace       used 49425K, committed 49664K, reserved 1114112K
  class space    used 5973K, committed 6080K, reserved 1048576K
}
Event: 6.438 GC heap after
{Heap after GC invocations=16 (full 0):
 garbage-first heap   total 92160K, used 30354K [0x00000000a0e00000, 0x0000000100000000)
  region size 1024K, 4 young (4096K), 4 survivors (4096K)
 Metaspace       used 49425K, committed 49664K, reserved 1114112K
  class space    used 5973K, committed 6080K, reserved 1048576K
}
Event: 7.854 GC heap before
{Heap before GC invocations=16 (full 0):
 garbage-first heap   total 92160K, used 67218K [0x00000000a0e00000, 0x0000000100000000)
  region size 1024K, 40 young (40960K), 4 survivors (4096K)
 Metaspace       used 52994K, committed 53248K, reserved 1114112K
  class space    used 6307K, committed 6400K, reserved 1048576K
}
Event: 7.875 GC heap after
{Heap after GC invocations=17 (full 0):
 garbage-first heap   total 92160K, used 35938K [0x00000000a0e00000, 0x0000000100000000)
  region size 1024K, 5 young (5120K), 5 survivors (5120K)
 Metaspace       used 52994K, committed 53248K, reserved 1114112K
  class space    used 6307K, committed 6400K, reserved 1048576K
}
Event: 8.933 GC heap before
{Heap before GC invocations=17 (full 0):
 garbage-first heap   total 92160K, used 68706K [0x00000000a0e00000, 0x0000000100000000)
  region size 1024K, 37 young (37888K), 5 survivors (5120K)
 Metaspace       used 53597K, committed 53824K, reserved 1114112K
  class space    used 6334K, committed 6464K, reserved 1048576K
}
Event: 8.963 GC heap after
{Heap after GC invocations=18 (full 0):
 garbage-first heap   total 92160K, used 42530K [0x00000000a0e00000, 0x0000000100000000)
  region size 1024K, 5 young (5120K), 5 survivors (5120K)
 Metaspace       used 53597K, committed 53824K, reserved 1114112K
  class space    used 6334K, committed 6464K, reserved 1048576K
}
Event: 9.105 GC heap before
{Heap before GC invocations=18 (full 0):
 garbage-first heap   total 92160K, used 69154K [0x00000000a0e00000, 0x0000000100000000)
  region size 1024K, 31 young (31744K), 5 survivors (5120K)
 Metaspace       used 53836K, committed 54080K, reserved 1114112K
  class space    used 6358K, committed 6464K, reserved 1048576K
}
Event: 9.118 GC heap after
{Heap after GC invocations=19 (full 0):
 garbage-first heap   total 176128K, used 43929K [0x00000000a0e00000, 0x0000000100000000)
  region size 1024K, 1 young (1024K), 1 survivors (1024K)
 Metaspace       used 53836K, committed 54080K, reserved 1114112K
  class space    used 6358K, committed 6464K, reserved 1048576K
}

