# JRE version: OpenJDK Runtime Environment (17.0.10) (build 17.0.10+0--11572160)
# Java VM: OpenJDK 64-Bit Server VM (17.0.10+0--11572160, mixed mode, tiered, compressed oops, compressed class ptrs, g1 gc, windows-amd64)
GC Precious Log:
 CPUs: 4 total, 4 available
 Memory: 6086M
 Large Page Support: Disabled
 NUMA Support: Disabled
 Compressed Oops: Enabled (32-bit)
 Heap Region Size: 1M
 Heap Min Capacity: 8M
 Heap Initial Capacity: 96M
 Heap Max Capacity: 2G
 Pre-touch: Disabled
 Parallel Workers: 4
 Concurrent Workers: 1
 Concurrent Refinement Workers: 4
 Periodic GC: Disabled
Heap:
 garbage-first heap   total 360448K, used 160365K [0x0000000080000000, 0x0000000100000000)
  region size 1024K, 1 young (1024K), 1 survivors (1024K)
 Metaspace       used 149301K, committed 150400K, reserved 1179648K
  class space    used 20146K, committed 20672K, reserved 1048576K
GC Heap History (20 events):
Event: 49.449 GC heap after
{Heap after GC invocations=40 (full 0):
 garbage-first heap   total 360448K, used 147968K [0x0000000080000000, 0x0000000100000000)
  region size 1024K, 2 young (2048K), 2 survivors (2048K)
 Metaspace       used 129670K, committed 130560K, reserved 1179648K
  class space    used 17873K, committed 18304K, reserved 1048576K
}
Event: 54.054 GC heap before
{Heap before GC invocations=40 (full 0):
 garbage-first heap   total 360448K, used 311808K [0x0000000080000000, 0x0000000100000000)
  region size 1024K, 138 young (141312K), 2 survivors (2048K)
 Metaspace       used 136168K, committed 137088K, reserved 1179648K
  class space    used 18778K, committed 19200K, reserved 1048576K
}
Event: 54.074 GC heap after
{Heap after GC invocations=41 (full 0):
 garbage-first heap   total 360448K, used 149133K [0x0000000080000000, 0x0000000100000000)
  region size 1024K, 4 young (4096K), 4 survivors (4096K)
 Metaspace       used 136168K, committed 137088K, reserved 1179648K
  class space    used 18778K, committed 19200K, reserved 1048576K
}
Event: 330.853 GC heap before
{Heap before GC invocations=42 (full 0):
 garbage-first heap   total 360448K, used 290445K [0x0000000080000000, 0x0000000100000000)
  region size 1024K, 143 young (146432K), 4 survivors (4096K)
 Metaspace       used 147159K, committed 148096K, reserved 1179648K
  class space    used 19999K, committed 20480K, reserved 1048576K
}
Event: 330.934 GC heap after
{Heap after GC invocations=43 (full 0):
 garbage-first heap   total 360448K, used 159232K [0x0000000080000000, 0x0000000100000000)
  region size 1024K, 13 young (13312K), 13 survivors (13312K)
 Metaspace       used 147159K, committed 148096K, reserved 1179648K
  class space    used 19999K, committed 20480K, reserved 1048576K
}
Event: 331.174 GC heap before
{Heap before GC invocations=43 (full 0):
 garbage-first heap   total 360448K, used 162304K [0x0000000080000000, 0x0000000100000000)
  region size 1024K, 17 young (17408K), 13 survivors (13312K)
 Metaspace       used 147204K, committed 148224K, reserved 1179648K
  class space    used 20003K, committed 20480K, reserved 1048576K
}
Event: 331.271 GC heap after
{Heap after GC invocations=44 (full 0):
 garbage-first heap   total 360448K, used 158255K [0x0000000080000000, 0x0000000100000000)
  region size 1024K, 3 young (3072K), 3 survivors (3072K)
 Metaspace       used 147204K, committed 148224K, reserved 1179648K
  class space    used 20003K, committed 20480K, reserved 1048576K
}
Event: 338.776 GC heap before
{Heap before GC invocations=44 (full 0):
 garbage-first heap   total 360448K, used 234031K [0x0000000080000000, 0x0000000100000000)
  region size 1024K, 79 young (80896K), 3 survivors (3072K)
 Metaspace       used 147638K, committed 148608K, reserved 1179648K
  class space    used 20014K, committed 20480K, reserved 1048576K
}
Event: 338.809 GC heap after
{Heap after GC invocations=45 (full 0):
 garbage-first heap   total 360448K, used 161839K [0x0000000080000000, 0x0000000100000000)
  region size 1024K, 6 young (6144K), 6 survivors (6144K)
 Metaspace       used 147638K, committed 148608K, reserved 1179648K
  class space    used 20014K, committed 20480K, reserved 1048576K
}
Event: 707.892 GC heap before
{Heap before GC invocations=46 (full 0):
 garbage-first heap   total 360448K, used 302127K [0x0000000080000000, 0x0000000100000000)
  region size 1024K, 128 young (131072K), 6 survivors (6144K)
 Metaspace       used 148389K, committed 149440K, reserved 1179648K
  class space    used 20084K, committed 20608K, reserved 1048576K
}
Event: 707.972 GC heap after
{Heap after GC invocations=47 (full 0):
 garbage-first heap   total 360448K, used 169654K [0x0000000080000000, 0x0000000100000000)
  region size 1024K, 16 young (16384K), 16 survivors (16384K)
 Metaspace       used 148389K, committed 149440K, reserved 1179648K
  class space    used 20084K, committed 20608K, reserved 1048576K
}
Event: 707.984 GC heap before
{Heap before GC invocations=47 (full 0):
 garbage-first heap   total 360448K, used 170678K [0x0000000080000000, 0x0000000100000000)
  region size 1024K, 17 young (17408K), 16 survivors (16384K)
 Metaspace       used 148394K, committed 149440K, reserved 1179648K
  class space    used 20084K, committed 20608K, reserved 1048576K
}
Event: 708.121 GC heap after
{Heap after GC invocations=48 (full 0):
 garbage-first heap   total 360448K, used 161109K [0x0000000080000000, 0x0000000100000000)
  region size 1024K, 2 young (2048K), 2 survivors (2048K)
 Metaspace       used 148394K, committed 149440K, reserved 1179648K
  class space    used 20084K, committed 20608K, reserved 1048576K
}
Event: 715.807 GC heap before
{Heap before GC invocations=48 (full 0):
 garbage-first heap   total 360448K, used 198997K [0x0000000080000000, 0x0000000100000000)
  region size 1024K, 41 young (41984K), 2 survivors (2048K)
 Metaspace       used 148620K, committed 149696K, reserved 1179648K
  class space    used 20095K, committed 20608K, reserved 1048576K
}
Event: 715.821 GC heap after
{Heap after GC invocations=49 (full 0):
 garbage-first heap   total 360448K, used 160776K [0x0000000080000000, 0x0000000100000000)
  region size 1024K, 2 young (2048K), 2 survivors (2048K)
 Metaspace       used 148620K, committed 149696K, reserved 1179648K
  class space    used 20095K, committed 20608K, reserved 1048576K
}
Event: 980.602 GC heap before
{Heap before GC invocations=50 (full 0):
 garbage-first heap   total 360448K, used 307208K [0x0000000080000000, 0x0000000100000000)
  region size 1024K, 128 young (131072K), 2 survivors (2048K)
 Metaspace       used 149123K, committed 150208K, reserved 1179648K
  class space    used 20133K, committed 20672K, reserved 1048576K
}
Event: 980.677 GC heap after
{Heap after GC invocations=51 (full 0):
 garbage-first heap   total 360448K, used 170604K [0x0000000080000000, 0x0000000100000000)
  region size 1024K, 13 young (13312K), 13 survivors (13312K)
 Metaspace       used 149123K, committed 150208K, reserved 1179648K
  class space    used 20133K, committed 20672K, reserved 1048576K
}
Event: 980.816 GC heap before
{Heap before GC invocations=51 (full 0):
 garbage-first heap   total 360448K, used 174700K [0x0000000080000000, 0x0000000100000000)
  region size 1024K, 17 young (17408K), 13 survivors (13312K)
 Metaspace       used 149153K, committed 150272K, reserved 1179648K
  class space    used 20138K, committed 20672K, reserved 1048576K
}
Event: 980.976 GC heap after
{Heap after GC invocations=52 (full 0):
 garbage-first heap   total 360448K, used 161441K [0x0000000080000000, 0x0000000100000000)
  region size 1024K, 2 young (2048K), 2 survivors (2048K)
 Metaspace       used 149153K, committed 150272K, reserved 1179648K
  class space    used 20138K, committed 20672K, reserved 1048576K
}
Event: 982.353 GC heap before
{Heap before GC invocations=52 (full 0):
 garbage-first heap   total 360448K, used 182945K [0x0000000080000000, 0x0000000100000000)
  region size 1024K, 24 young (24576K), 2 survivors (2048K)
 Metaspace       used 149301K, committed 150400K, reserved 1179648K
  class space    used 20146K, committed 20672K, reserved 1048576K
}

