# JRE version: OpenJDK Runtime Environment (17.0.10) (build 17.0.10+0--11572160)
# Java VM: OpenJDK 64-Bit Server VM (17.0.10+0--11572160, mixed mode, tiered, compressed oops, compressed class ptrs, g1 gc, windows-amd64)
GC Precious Log:
 CPUs: 4 total, 4 available
 Memory: 6086M
 Large Page Support: Disabled
 NUMA Support: Disabled
 Compressed Oops: Enabled (32-bit)
 Heap Region Size: 1M
 Heap Min Capacity: 8M
 Heap Initial Capacity: 96M
 Heap Max Capacity: 2G
 Pre-touch: Disabled
 Parallel Workers: 4
 Concurrent Workers: 1
 Concurrent Refinement Workers: 4
 Periodic GC: Disabled
Heap:
 garbage-first heap   total 223232K, used 94667K [0x0000000080000000, 0x0000000100000000)
  region size 1024K, 23 young (23552K), 10 survivors (10240K)
 Metaspace       used 83909K, committed 84480K, reserved 1179648K
  class space    used 11310K, committed 11584K, reserved 1048576K
GC Heap History (20 events):
Event: 44.940 GC heap before
{Heap before GC invocations=28 (full 0):
 garbage-first heap   total 94208K, used 64894K [0x0000000080000000, 0x0000000100000000)
  region size 1024K, 5 young (5120K), 4 survivors (4096K)
 Metaspace       used 58497K, committed 59072K, reserved 1114112K
  class space    used 7998K, committed 8256K, reserved 1048576K
}
Event: 44.945 GC heap after
{Heap after GC invocations=29 (full 0):
 garbage-first heap   total 94208K, used 63722K [0x0000000080000000, 0x0000000100000000)
  region size 1024K, 1 young (1024K), 1 survivors (1024K)
 Metaspace       used 58497K, committed 59072K, reserved 1114112K
  class space    used 7998K, committed 8256K, reserved 1048576K
}
Event: 45.581 GC heap before
{Heap before GC invocations=29 (full 0):
 garbage-first heap   total 94208K, used 74986K [0x0000000080000000, 0x0000000100000000)
  region size 1024K, 13 young (13312K), 1 survivors (1024K)
 Metaspace       used 59432K, committed 59968K, reserved 1114112K
  class space    used 8125K, committed 8384K, reserved 1048576K
}
Event: 45.584 GC heap after
{Heap after GC invocations=30 (full 0):
 garbage-first heap   total 94208K, used 63986K [0x0000000080000000, 0x0000000100000000)
  region size 1024K, 1 young (1024K), 1 survivors (1024K)
 Metaspace       used 59432K, committed 59968K, reserved 1114112K
  class space    used 8125K, committed 8384K, reserved 1048576K
}
Event: 47.363 GC heap before
{Heap before GC invocations=31 (full 0):
 garbage-first heap   total 111616K, used 77298K [0x0000000080000000, 0x0000000100000000)
  region size 1024K, 14 young (14336K), 1 survivors (1024K)
 Metaspace       used 60477K, committed 61056K, reserved 1114112K
  class space    used 8281K, committed 8576K, reserved 1048576K
}
Event: 47.367 GC heap after
{Heap after GC invocations=32 (full 0):
 garbage-first heap   total 111616K, used 64263K [0x0000000080000000, 0x0000000100000000)
  region size 1024K, 1 young (1024K), 1 survivors (1024K)
 Metaspace       used 60477K, committed 61056K, reserved 1114112K
  class space    used 8281K, committed 8576K, reserved 1048576K
}
Event: 47.633 GC heap before
{Heap before GC invocations=32 (full 0):
 garbage-first heap   total 111616K, used 67335K [0x0000000080000000, 0x0000000100000000)
  region size 1024K, 5 young (5120K), 1 survivors (1024K)
 Metaspace       used 60834K, committed 61440K, reserved 1114112K
  class space    used 8316K, committed 8576K, reserved 1048576K
}
Event: 47.640 GC heap after
{Heap after GC invocations=33 (full 0):
 garbage-first heap   total 111616K, used 63946K [0x0000000080000000, 0x0000000100000000)
  region size 1024K, 1 young (1024K), 1 survivors (1024K)
 Metaspace       used 60834K, committed 61440K, reserved 1114112K
  class space    used 8316K, committed 8576K, reserved 1048576K
}
Event: 50.247 GC heap before
{Heap before GC invocations=33 (full 0):
 garbage-first heap   total 111616K, used 88522K [0x0000000080000000, 0x0000000100000000)
  region size 1024K, 26 young (26624K), 1 survivors (1024K)
 Metaspace       used 63575K, committed 64128K, reserved 1114112K
  class space    used 8590K, committed 8832K, reserved 1048576K
}
Event: 50.251 GC heap after
{Heap after GC invocations=34 (full 0):
 garbage-first heap   total 111616K, used 64469K [0x0000000080000000, 0x0000000100000000)
  region size 1024K, 2 young (2048K), 2 survivors (2048K)
 Metaspace       used 63575K, committed 64128K, reserved 1114112K
  class space    used 8590K, committed 8832K, reserved 1048576K
}
Event: 53.342 GC heap before
{Heap before GC invocations=35 (full 0):
 garbage-first heap   total 112640K, used 90069K [0x0000000080000000, 0x0000000100000000)
  region size 1024K, 28 young (28672K), 2 survivors (2048K)
 Metaspace       used 66525K, committed 67072K, reserved 1114112K
  class space    used 8954K, committed 9216K, reserved 1048576K
}
Event: 53.349 GC heap after
{Heap after GC invocations=36 (full 0):
 garbage-first heap   total 112640K, used 65332K [0x0000000080000000, 0x0000000100000000)
  region size 1024K, 2 young (2048K), 2 survivors (2048K)
 Metaspace       used 66525K, committed 67072K, reserved 1114112K
  class space    used 8954K, committed 9216K, reserved 1048576K
}
Event: 53.845 GC heap before
{Heap before GC invocations=36 (full 0):
 garbage-first heap   total 112640K, used 67380K [0x0000000080000000, 0x0000000100000000)
  region size 1024K, 5 young (5120K), 2 survivors (2048K)
 Metaspace       used 66810K, committed 67392K, reserved 1114112K
  class space    used 9006K, committed 9280K, reserved 1048576K
}
Event: 53.854 GC heap after
{Heap after GC invocations=37 (full 0):
 garbage-first heap   total 112640K, used 63926K [0x0000000080000000, 0x0000000100000000)
  region size 1024K, 1 young (1024K), 1 survivors (1024K)
 Metaspace       used 66810K, committed 67392K, reserved 1114112K
  class space    used 9006K, committed 9280K, reserved 1048576K
}
Event: 56.583 GC heap before
{Heap before GC invocations=37 (full 0):
 garbage-first heap   total 112640K, used 97718K [0x0000000080000000, 0x0000000100000000)
  region size 1024K, 29 young (29696K), 1 survivors (1024K)
 Metaspace       used 69117K, committed 69696K, reserved 1114112K
  class space    used 9311K, committed 9600K, reserved 1048576K
}
Event: 56.593 GC heap after
{Heap after GC invocations=38 (full 0):
 garbage-first heap   total 223232K, used 68737K [0x0000000080000000, 0x0000000100000000)
  region size 1024K, 4 young (4096K), 4 survivors (4096K)
 Metaspace       used 69117K, committed 69696K, reserved 1114112K
  class space    used 9311K, committed 9600K, reserved 1048576K
}
Event: 68.066 GC heap before
{Heap before GC invocations=38 (full 0):
 garbage-first heap   total 223232K, used 173185K [0x0000000080000000, 0x0000000100000000)
  region size 1024K, 102 young (104448K), 4 survivors (4096K)
 Metaspace       used 78036K, committed 78656K, reserved 1179648K
  class space    used 10514K, committed 10816K, reserved 1048576K
}
Event: 68.089 GC heap after
{Heap after GC invocations=39 (full 0):
 garbage-first heap   total 223232K, used 78021K [0x0000000080000000, 0x0000000100000000)
  region size 1024K, 9 young (9216K), 9 survivors (9216K)
 Metaspace       used 78036K, committed 78656K, reserved 1179648K
  class space    used 10514K, committed 10816K, reserved 1048576K
}
Event: 75.337 GC heap before
{Heap before GC invocations=39 (full 0):
 garbage-first heap   total 223232K, used 176325K [0x0000000080000000, 0x0000000100000000)
  region size 1024K, 105 young (107520K), 9 survivors (9216K)
 Metaspace       used 83034K, committed 83648K, reserved 1179648K
  class space    used 11171K, committed 11456K, reserved 1048576K
}
Event: 75.362 GC heap after
{Heap after GC invocations=40 (full 0):
 garbage-first heap   total 223232K, used 82379K [0x0000000080000000, 0x0000000100000000)
  region size 1024K, 10 young (10240K), 10 survivors (10240K)
 Metaspace       used 83034K, committed 83648K, reserved 1179648K
  class space    used 11171K, committed 11456K, reserved 1048576K
}

