# JRE version: OpenJDK Runtime Environment (17.0.10) (build 17.0.10+0--11572160)
# Java VM: OpenJDK 64-Bit Server VM (17.0.10+0--11572160, mixed mode, tiered, compressed oops, compressed class ptrs, g1 gc, windows-amd64)
GC Precious Log:
 CPUs: 4 total, 4 available
 Memory: 6086M
 Large Page Support: Disabled
 NUMA Support: Disabled
 Compressed Oops: Enabled (32-bit)
 Heap Region Size: 1M
 Heap Min Capacity: 8M
 Heap Initial Capacity: 96M
 Heap Max Capacity: 1522M
 Pre-touch: Disabled
 Parallel Workers: 4
 Concurrent Workers: 1
 Concurrent Refinement Workers: 4
 Periodic GC: Disabled
Heap:
 garbage-first heap   total 100352K, used 37595K [0x00000000a0e00000, 0x0000000100000000)
  region size 1024K, 3 young (3072K), 3 survivors (3072K)
 Metaspace       used 53209K, committed 53440K, reserved 1114112K
  class space    used 6323K, committed 6400K, reserved 1048576K
GC Heap History (20 events):
Event: 4.582 GC heap after
{Heap after GC invocations=10 (full 0):
 garbage-first heap   total 49152K, used 20332K [0x00000000a0e00000, 0x0000000100000000)
  region size 1024K, 3 young (3072K), 3 survivors (3072K)
 Metaspace       used 37121K, committed 37312K, reserved 1114112K
  class space    used 4672K, committed 4800K, reserved 1048576K
}
Event: 4.905 GC heap before
{Heap before GC invocations=10 (full 0):
 garbage-first heap   total 49152K, used 35692K [0x00000000a0e00000, 0x0000000100000000)
  region size 1024K, 18 young (18432K), 3 survivors (3072K)
 Metaspace       used 40109K, committed 40384K, reserved 1114112K
  class space    used 4917K, committed 5056K, reserved 1048576K
}
Event: 4.915 GC heap after
{Heap after GC invocations=11 (full 0):
 garbage-first heap   total 49152K, used 22396K [0x00000000a0e00000, 0x0000000100000000)
  region size 1024K, 2 young (2048K), 2 survivors (2048K)
 Metaspace       used 40109K, committed 40384K, reserved 1114112K
  class space    used 4917K, committed 5056K, reserved 1048576K
}
Event: 5.453 GC heap before
{Heap before GC invocations=11 (full 0):
 garbage-first heap   total 49152K, used 36732K [0x00000000a0e00000, 0x0000000100000000)
  region size 1024K, 16 young (16384K), 2 survivors (2048K)
 Metaspace       used 44296K, committed 44608K, reserved 1114112K
  class space    used 5426K, committed 5568K, reserved 1048576K
}
Event: 5.460 GC heap after
{Heap after GC invocations=12 (full 0):
 garbage-first heap   total 49152K, used 22914K [0x00000000a0e00000, 0x0000000100000000)
  region size 1024K, 2 young (2048K), 2 survivors (2048K)
 Metaspace       used 44296K, committed 44608K, reserved 1114112K
  class space    used 5426K, committed 5568K, reserved 1048576K
}
Event: 5.702 GC heap before
{Heap before GC invocations=12 (full 0):
 garbage-first heap   total 49152K, used 29058K [0x00000000a0e00000, 0x0000000100000000)
  region size 1024K, 9 young (9216K), 2 survivors (2048K)
 Metaspace       used 45974K, committed 46208K, reserved 1114112K
  class space    used 5612K, committed 5696K, reserved 1048576K
}
Event: 5.708 GC heap after
{Heap after GC invocations=13 (full 0):
 garbage-first heap   total 49152K, used 23542K [0x00000000a0e00000, 0x0000000100000000)
  region size 1024K, 2 young (2048K), 2 survivors (2048K)
 Metaspace       used 45974K, committed 46208K, reserved 1114112K
  class space    used 5612K, committed 5696K, reserved 1048576K
}
Event: 6.044 GC heap before
{Heap before GC invocations=14 (full 0):
 garbage-first heap   total 49152K, used 39926K [0x00000000a0e00000, 0x0000000100000000)
  region size 1024K, 16 young (16384K), 2 survivors (2048K)
 Metaspace       used 47017K, committed 47232K, reserved 1114112K
  class space    used 5726K, committed 5824K, reserved 1048576K
}
Event: 6.055 GC heap after
{Heap after GC invocations=15 (full 0):
 garbage-first heap   total 49152K, used 28364K [0x00000000a0e00000, 0x0000000100000000)
  region size 1024K, 2 young (2048K), 2 survivors (2048K)
 Metaspace       used 47017K, committed 47232K, reserved 1114112K
  class space    used 5726K, committed 5824K, reserved 1048576K
}
Event: 6.071 GC heap before
{Heap before GC invocations=15 (full 0):
 garbage-first heap   total 49152K, used 29388K [0x00000000a0e00000, 0x0000000100000000)
  region size 1024K, 3 young (3072K), 2 survivors (2048K)
 Metaspace       used 47036K, committed 47232K, reserved 1114112K
  class space    used 5726K, committed 5824K, reserved 1048576K
}
Event: 6.078 GC heap after
{Heap after GC invocations=16 (full 0):
 garbage-first heap   total 59392K, used 27674K [0x00000000a0e00000, 0x0000000100000000)
  region size 1024K, 1 young (1024K), 1 survivors (1024K)
 Metaspace       used 47036K, committed 47232K, reserved 1114112K
  class space    used 5726K, committed 5824K, reserved 1048576K
}
Event: 6.238 GC heap before
{Heap before GC invocations=16 (full 0):
 garbage-first heap   total 59392K, used 44058K [0x00000000a0e00000, 0x0000000100000000)
  region size 1024K, 17 young (17408K), 1 survivors (1024K)
 Metaspace       used 47118K, committed 47296K, reserved 1114112K
  class space    used 5726K, committed 5824K, reserved 1048576K
}
Event: 6.242 GC heap after
{Heap after GC invocations=17 (full 0):
 garbage-first heap   total 59392K, used 28267K [0x00000000a0e00000, 0x0000000100000000)
  region size 1024K, 2 young (2048K), 2 survivors (2048K)
 Metaspace       used 47118K, committed 47296K, reserved 1114112K
  class space    used 5726K, committed 5824K, reserved 1048576K
}
Event: 6.943 GC heap before
{Heap before GC invocations=18 (full 0):
 garbage-first heap   total 59392K, used 43627K [0x00000000a0e00000, 0x0000000100000000)
  region size 1024K, 18 young (18432K), 2 survivors (2048K)
 Metaspace       used 49294K, committed 49536K, reserved 1114112K
  class space    used 5965K, committed 6080K, reserved 1048576K
}
Event: 6.953 GC heap after
{Heap after GC invocations=19 (full 0):
 garbage-first heap   total 59392K, used 30300K [0x00000000a0e00000, 0x0000000100000000)
  region size 1024K, 3 young (3072K), 3 survivors (3072K)
 Metaspace       used 49294K, committed 49536K, reserved 1114112K
  class space    used 5965K, committed 6080K, reserved 1048576K
}
Event: 7.778 GC heap before
{Heap before GC invocations=19 (full 0):
 garbage-first heap   total 59392K, used 44636K [0x00000000a0e00000, 0x0000000100000000)
  region size 1024K, 18 young (18432K), 3 survivors (3072K)
 Metaspace       used 51843K, committed 52032K, reserved 1114112K
  class space    used 6265K, committed 6336K, reserved 1048576K
}
Event: 7.792 GC heap after
{Heap after GC invocations=20 (full 0):
 garbage-first heap   total 59392K, used 32755K [0x00000000a0e00000, 0x0000000100000000)
  region size 1024K, 3 young (3072K), 3 survivors (3072K)
 Metaspace       used 51843K, committed 52032K, reserved 1114112K
  class space    used 6265K, committed 6336K, reserved 1048576K
}
Event: 8.456 GC heap before
{Heap before GC invocations=21 (full 0):
 garbage-first heap   total 65536K, used 45043K [0x00000000a0e00000, 0x0000000100000000)
  region size 1024K, 15 young (15360K), 3 survivors (3072K)
 Metaspace       used 52510K, committed 52736K, reserved 1114112K
  class space    used 6306K, committed 6400K, reserved 1048576K
}
Event: 8.467 GC heap after
{Heap after GC invocations=22 (full 0):
 garbage-first heap   total 65536K, used 34588K [0x00000000a0e00000, 0x0000000100000000)
  region size 1024K, 2 young (2048K), 2 survivors (2048K)
 Metaspace       used 52510K, committed 52736K, reserved 1114112K
  class space    used 6306K, committed 6400K, reserved 1048576K
}
Event: 9.172 GC heap before
{Heap before GC invocations=22 (full 0):
 garbage-first heap   total 65536K, used 50972K [0x00000000a0e00000, 0x0000000100000000)
  region size 1024K, 18 young (18432K), 2 survivors (2048K)
 Metaspace       used 53209K, committed 53440K, reserved 1114112K
  class space    used 6323K, committed 6400K, reserved 1048576K
}

