# JRE version: OpenJDK Runtime Environment (17.0.10) (build 17.0.10+0--11572160)
# Java VM: OpenJDK 64-Bit Server VM (17.0.10+0--11572160, mixed mode, tiered, compressed oops, compressed class ptrs, g1 gc, windows-amd64)
GC Precious Log:
 CPUs: 4 total, 4 available
 Memory: 6086M
 Large Page Support: Disabled
 NUMA Support: Disabled
 Compressed Oops: Enabled (32-bit)
 Heap Region Size: 1M
 Heap Min Capacity: 8M
 Heap Initial Capacity: 96M
 Heap Max Capacity: 2G
 Pre-touch: Disabled
 Parallel Workers: 4
 Concurrent Workers: 1
 Concurrent Refinement Workers: 4
 Periodic GC: Disabled
Heap:
 garbage-first heap   total 377856K, used 159047K [0x0000000080000000, 0x0000000100000000)
  region size 1024K, 3 young (3072K), 3 survivors (3072K)
 Metaspace       used 165029K, committed 166208K, reserved 1245184K
  class space    used 22194K, committed 22784K, reserved 1048576K
GC Heap History (20 events):
Event: 320.774 GC heap after
{Heap after GC invocations=78 (full 0):
 garbage-first heap   total 326656K, used 227508K [0x0000000080000000, 0x0000000100000000)
  region size 1024K, 7 young (7168K), 7 survivors (7168K)
 Metaspace       used 150237K, committed 151424K, reserved 1179648K
  class space    used 19896K, committed 20416K, reserved 1048576K
}
Event: 321.696 GC heap before
{Heap before GC invocations=78 (full 0):
 garbage-first heap   total 326656K, used 272564K [0x0000000080000000, 0x0000000100000000)
  region size 1024K, 52 young (53248K), 7 survivors (7168K)
 Metaspace       used 155490K, committed 156672K, reserved 1245184K
  class space    used 20785K, committed 21312K, reserved 1048576K
}
Event: 321.725 GC heap after
{Heap after GC invocations=79 (full 0):
 garbage-first heap   total 326656K, used 230314K [0x0000000080000000, 0x0000000100000000)
  region size 1024K, 3 young (3072K), 3 survivors (3072K)
 Metaspace       used 155490K, committed 156672K, reserved 1245184K
  class space    used 20785K, committed 21312K, reserved 1048576K
}
Event: 323.019 GC heap before
{Heap before GC invocations=79 (full 0):
 garbage-first heap   total 326656K, used 275370K [0x0000000080000000, 0x0000000100000000)
  region size 1024K, 48 young (49152K), 3 survivors (3072K)
 Metaspace       used 160036K, committed 161152K, reserved 1245184K
  class space    used 21494K, committed 22016K, reserved 1048576K
}
Event: 323.035 GC heap after
{Heap after GC invocations=80 (full 0):
 garbage-first heap   total 326656K, used 231449K [0x0000000080000000, 0x0000000100000000)
  region size 1024K, 4 young (4096K), 4 survivors (4096K)
 Metaspace       used 160036K, committed 161152K, reserved 1245184K
  class space    used 21494K, committed 22016K, reserved 1048576K
}
Event: 324.254 GC heap before
{Heap before GC invocations=80 (full 0):
 garbage-first heap   total 326656K, used 277529K [0x0000000080000000, 0x0000000100000000)
  region size 1024K, 50 young (51200K), 4 survivors (4096K)
 Metaspace       used 161693K, committed 162880K, reserved 1245184K
  class space    used 21662K, committed 22208K, reserved 1048576K
}
Event: 324.266 GC heap after
{Heap after GC invocations=81 (full 0):
 garbage-first heap   total 326656K, used 231596K [0x0000000080000000, 0x0000000100000000)
  region size 1024K, 3 young (3072K), 3 survivors (3072K)
 Metaspace       used 161693K, committed 162880K, reserved 1245184K
  class space    used 21662K, committed 22208K, reserved 1048576K
}
Event: 325.429 GC heap before
{Heap before GC invocations=81 (full 0):
 garbage-first heap   total 326656K, used 279724K [0x0000000080000000, 0x0000000100000000)
  region size 1024K, 50 young (51200K), 3 survivors (3072K)
 Metaspace       used 163294K, committed 164480K, reserved 1245184K
  class space    used 21970K, committed 22528K, reserved 1048576K
}
Event: 325.450 GC heap after
{Heap after GC invocations=82 (full 0):
 garbage-first heap   total 326656K, used 238412K [0x0000000080000000, 0x0000000100000000)
  region size 1024K, 7 young (7168K), 7 survivors (7168K)
 Metaspace       used 163294K, committed 164480K, reserved 1245184K
  class space    used 21970K, committed 22528K, reserved 1048576K
}
Event: 327.116 GC heap before
{Heap before GC invocations=82 (full 0):
 garbage-first heap   total 326656K, used 270156K [0x0000000080000000, 0x0000000100000000)
  region size 1024K, 31 young (31744K), 7 survivors (7168K)
 Metaspace       used 164622K, committed 165888K, reserved 1245184K
  class space    used 22159K, committed 22720K, reserved 1048576K
}
Event: 327.131 GC heap after
{Heap after GC invocations=83 (full 0):
 garbage-first heap   total 326656K, used 239857K [0x0000000080000000, 0x0000000100000000)
  region size 1024K, 2 young (2048K), 2 survivors (2048K)
 Metaspace       used 164622K, committed 165888K, reserved 1245184K
  class space    used 22159K, committed 22720K, reserved 1048576K
}
Event: 327.149 GC heap before
{Heap before GC invocations=83 (full 0):
 garbage-first heap   total 326656K, used 246001K [0x0000000080000000, 0x0000000100000000)
  region size 1024K, 3 young (3072K), 2 survivors (2048K)
 Metaspace       used 164625K, committed 165888K, reserved 1245184K
  class space    used 22159K, committed 22720K, reserved 1048576K
}
Event: 327.155 GC heap after
{Heap after GC invocations=84 (full 0):
 garbage-first heap   total 326656K, used 243664K [0x0000000080000000, 0x0000000100000000)
  region size 1024K, 2 young (2048K), 2 survivors (2048K)
 Metaspace       used 164625K, committed 165888K, reserved 1245184K
  class space    used 22159K, committed 22720K, reserved 1048576K
}
Event: 327.162 GC heap before
{Heap before GC invocations=84 (full 0):
 garbage-first heap   total 326656K, used 245712K [0x0000000080000000, 0x0000000100000000)
  region size 1024K, 3 young (3072K), 2 survivors (2048K)
 Metaspace       used 164625K, committed 165888K, reserved 1245184K
  class space    used 22159K, committed 22720K, reserved 1048576K
}
Event: 327.166 GC heap after
{Heap after GC invocations=85 (full 0):
 garbage-first heap   total 326656K, used 245627K [0x0000000080000000, 0x0000000100000000)
  region size 1024K, 2 young (2048K), 2 survivors (2048K)
 Metaspace       used 164625K, committed 165888K, reserved 1245184K
  class space    used 22159K, committed 22720K, reserved 1048576K
}
Event: 457.261 GC heap before
{Heap before GC invocations=86 (full 0):
 garbage-first heap   total 377856K, used 251771K [0x0000000080000000, 0x0000000100000000)
  region size 1024K, 36 young (36864K), 2 survivors (2048K)
 Metaspace       used 164865K, committed 166144K, reserved 1245184K
  class space    used 22181K, committed 22784K, reserved 1048576K
}
Event: 457.339 GC heap after
{Heap after GC invocations=87 (full 0):
 garbage-first heap   total 377856K, used 204831K [0x0000000080000000, 0x0000000100000000)
  region size 1024K, 4 young (4096K), 4 survivors (4096K)
 Metaspace       used 164865K, committed 166144K, reserved 1245184K
  class space    used 22181K, committed 22784K, reserved 1048576K
}
Event: 457.900 GC heap before
{Heap before GC invocations=87 (full 0):
 garbage-first heap   total 377856K, used 219167K [0x0000000080000000, 0x0000000100000000)
  region size 1024K, 18 young (18432K), 4 survivors (4096K)
 Metaspace       used 164924K, committed 166144K, reserved 1245184K
  class space    used 22188K, committed 22784K, reserved 1048576K
}
Event: 458.019 GC heap after
{Heap after GC invocations=88 (full 0):
 garbage-first heap   total 377856K, used 170229K [0x0000000080000000, 0x0000000100000000)
  region size 1024K, 2 young (2048K), 2 survivors (2048K)
 Metaspace       used 164924K, committed 166144K, reserved 1245184K
  class space    used 22188K, committed 22784K, reserved 1048576K
}
Event: 458.712 GC heap before
{Heap before GC invocations=88 (full 0):
 garbage-first heap   total 377856K, used 186613K [0x0000000080000000, 0x0000000100000000)
  region size 1024K, 18 young (18432K), 2 survivors (2048K)
 Metaspace       used 165029K, committed 166208K, reserved 1245184K
  class space    used 22194K, committed 22784K, reserved 1048576K
}

