# JRE version: OpenJDK Runtime Environment (17.0.10) (build 17.0.10+0--11572160)
# Java VM: OpenJDK 64-Bit Server VM (17.0.10+0--11572160, mixed mode, tiered, compressed oops, compressed class ptrs, g1 gc, windows-amd64)
GC Precious Log:
 CPUs: 4 total, 4 available
 Memory: 6086M
 Large Page Support: Disabled
 NUMA Support: Disabled
 Compressed Oops: Enabled (32-bit)
 Heap Region Size: 1M
 Heap Min Capacity: 8M
 Heap Initial Capacity: 96M
 Heap Max Capacity: 2G
 Pre-touch: Disabled
 Parallel Workers: 4
 Concurrent Workers: 1
 Concurrent Refinement Workers: 4
 Periodic GC: Disabled
Heap:
 garbage-first heap   total 428032K, used 144318K [0x0000000080000000, 0x0000000100000000)
  region size 1024K, 2 young (2048K), 2 survivors (2048K)
 Metaspace       used 172548K, committed 175168K, reserved 1245184K
  class space    used 22403K, committed 23680K, reserved 1048576K
GC Heap History (20 events):
Event: 23979.601 GC heap after
{Heap after GC invocations=134 (full 6):
 garbage-first heap   total 428032K, used 184110K [0x0000000080000000, 0x0000000100000000)
  region size 1024K, 8 young (8192K), 8 survivors (8192K)
 Metaspace       used 172772K, committed 175040K, reserved 1245184K
  class space    used 22517K, committed 23616K, reserved 1048576K
}
Event: 23980.262 GC heap before
{Heap before GC invocations=134 (full 6):
 garbage-first heap   total 428032K, used 195374K [0x0000000080000000, 0x0000000100000000)
  region size 1024K, 20 young (20480K), 8 survivors (8192K)
 Metaspace       used 172774K, committed 175040K, reserved 1245184K
  class space    used 22517K, committed 23616K, reserved 1048576K
}
Event: 23980.325 GC heap after
{Heap after GC invocations=135 (full 6):
 garbage-first heap   total 428032K, used 152010K [0x0000000080000000, 0x0000000100000000)
  region size 1024K, 2 young (2048K), 2 survivors (2048K)
 Metaspace       used 172774K, committed 175040K, reserved 1245184K
  class space    used 22517K, committed 23616K, reserved 1048576K
}
Event: 23986.308 GC heap before
{Heap before GC invocations=135 (full 6):
 garbage-first heap   total 428032K, used 276938K [0x0000000080000000, 0x0000000100000000)
  region size 1024K, 126 young (129024K), 2 survivors (2048K)
 Metaspace       used 172886K, committed 175168K, reserved 1245184K
  class space    used 22527K, committed 23680K, reserved 1048576K
}
Event: 23986.333 GC heap after
{Heap after GC invocations=136 (full 6):
 garbage-first heap   total 428032K, used 162259K [0x0000000080000000, 0x0000000100000000)
  region size 1024K, 12 young (12288K), 12 survivors (12288K)
 Metaspace       used 172886K, committed 175168K, reserved 1245184K
  class space    used 22527K, committed 23680K, reserved 1048576K
}
Event: 25879.382 GC heap before
{Heap before GC invocations=137 (full 6):
 garbage-first heap   total 428032K, used 397779K [0x0000000080000000, 0x0000000100000000)
  region size 1024K, 194 young (198656K), 12 survivors (12288K)
 Metaspace       used 172961K, committed 175296K, reserved 1245184K
  class space    used 22530K, committed 23680K, reserved 1048576K
}
Event: 25879.602 GC heap after
{Heap after GC invocations=138 (full 6):
 garbage-first heap   total 428032K, used 174493K [0x0000000080000000, 0x0000000100000000)
  region size 1024K, 25 young (25600K), 25 survivors (25600K)
 Metaspace       used 172961K, committed 175296K, reserved 1245184K
  class space    used 22530K, committed 23680K, reserved 1048576K
}
Event: 25879.672 GC heap before
{Heap before GC invocations=138 (full 6):
 garbage-first heap   total 428032K, used 175517K [0x0000000080000000, 0x0000000100000000)
  region size 1024K, 26 young (26624K), 25 survivors (25600K)
 Metaspace       used 172961K, committed 175296K, reserved 1245184K
  class space    used 22530K, committed 23680K, reserved 1048576K
}
Event: 25879.909 GC heap after
{Heap after GC invocations=139 (full 6):
 garbage-first heap   total 428032K, used 157375K [0x0000000080000000, 0x0000000100000000)
  region size 1024K, 2 young (2048K), 2 survivors (2048K)
 Metaspace       used 172961K, committed 175296K, reserved 1245184K
  class space    used 22530K, committed 23680K, reserved 1048576K
}
Event: 25890.532 GC heap before
{Heap before GC invocations=139 (full 6):
 garbage-first heap   total 428032K, used 218815K [0x0000000080000000, 0x0000000100000000)
  region size 1024K, 64 young (65536K), 2 survivors (2048K)
 Metaspace       used 173027K, committed 175360K, reserved 1245184K
  class space    used 22533K, committed 23680K, reserved 1048576K
}
Event: 25890.556 GC heap after
{Heap after GC invocations=140 (full 6):
 garbage-first heap   total 428032K, used 157648K [0x0000000080000000, 0x0000000100000000)
  region size 1024K, 3 young (3072K), 3 survivors (3072K)
 Metaspace       used 173027K, committed 175360K, reserved 1245184K
  class space    used 22533K, committed 23680K, reserved 1048576K
}
Event: 26694.556 GC heap before
{Heap before GC invocations=141 (full 6):
 garbage-first heap   total 428032K, used 368592K [0x0000000080000000, 0x0000000100000000)
  region size 1024K, 192 young (196608K), 3 survivors (3072K)
 Metaspace       used 172777K, committed 175360K, reserved 1245184K
  class space    used 22459K, committed 23680K, reserved 1048576K
}
Event: 26694.791 GC heap after
{Heap after GC invocations=142 (full 6):
 garbage-first heap   total 428032K, used 162397K [0x0000000080000000, 0x0000000100000000)
  region size 1024K, 7 young (7168K), 7 survivors (7168K)
 Metaspace       used 172777K, committed 175360K, reserved 1245184K
  class space    used 22459K, committed 23680K, reserved 1048576K
}
Event: 26695.705 GC heap before
{Heap before GC invocations=142 (full 6):
 garbage-first heap   total 428032K, used 175709K [0x0000000080000000, 0x0000000100000000)
  region size 1024K, 20 young (20480K), 7 survivors (7168K)
 Metaspace       used 172795K, committed 175360K, reserved 1245184K
  class space    used 22460K, committed 23680K, reserved 1048576K
}
Event: 26695.896 GC heap after
{Heap after GC invocations=143 (full 6):
 garbage-first heap   total 428032K, used 152101K [0x0000000080000000, 0x0000000100000000)
  region size 1024K, 3 young (3072K), 3 survivors (3072K)
 Metaspace       used 172795K, committed 175360K, reserved 1245184K
  class space    used 22460K, committed 23680K, reserved 1048576K
}
Event: 26697.057 GC heap before
{Heap before GC invocations=143 (full 6):
 garbage-first heap   total 428032K, used 176677K [0x0000000080000000, 0x0000000100000000)
  region size 1024K, 28 young (28672K), 3 survivors (3072K)
 Metaspace       used 172797K, committed 175360K, reserved 1245184K
  class space    used 22460K, committed 23680K, reserved 1048576K
}
Event: 26697.094 GC heap after
{Heap after GC invocations=144 (full 6):
 garbage-first heap   total 428032K, used 155624K [0x0000000080000000, 0x0000000100000000)
  region size 1024K, 6 young (6144K), 6 survivors (6144K)
 Metaspace       used 172797K, committed 175360K, reserved 1245184K
  class space    used 22460K, committed 23680K, reserved 1048576K
}
Event: 26702.633 GC heap before
{Heap before GC invocations=145 (full 6):
 garbage-first heap   total 428032K, used 257000K [0x0000000080000000, 0x0000000100000000)
  region size 1024K, 86 young (88064K), 6 survivors (6144K)
 Metaspace       used 172526K, committed 175168K, reserved 1245184K
  class space    used 22400K, committed 23680K, reserved 1048576K
}
Event: 26702.682 GC heap after
{Heap after GC invocations=146 (full 6):
 garbage-first heap   total 428032K, used 147876K [0x0000000080000000, 0x0000000100000000)
  region size 1024K, 8 young (8192K), 8 survivors (8192K)
 Metaspace       used 172526K, committed 175168K, reserved 1245184K
  class space    used 22400K, committed 23680K, reserved 1048576K
}
Event: 26703.163 GC heap before
{Heap before GC invocations=146 (full 6):
 garbage-first heap   total 428032K, used 160164K [0x0000000080000000, 0x0000000100000000)
  region size 1024K, 20 young (20480K), 8 survivors (8192K)
 Metaspace       used 172548K, committed 175168K, reserved 1245184K
  class space    used 22403K, committed 23680K, reserved 1048576K
}

